<?xml version="1.0" encoding="UTF-8"?>
<!-- Generated by org.testng.reporters.JUnitXMLReporter -->
<testsuite ignored="0" hostname="DESKTOP-BPVLSHK" failures="0" tests="4" name="Default test" time="5.936" errors="0" timestamp="2023-10-21T17:55:25 EDT">
  <testcase classname="api.test.UserTests" name="testPostUser" time="4.121"/>
  <testcase classname="api.test.UserTests" name="testGetUserbyName" time="0.337"/>
  <testcase classname="api.test.UserTests" name="testUpdateUserbyName" time="0.583"/>
  <testcase classname="api.test.UserTests" name="testDeleteUserByName" time="0.273"/>
</testsuite> <!-- Default test -->
