<?xml version="1.0" encoding="UTF-8"?>
<testng-results ignored="0" total="4" passed="4" failed="0" skipped="0">
  <reporter-output>
  </reporter-output>
  <suite started-at="2023-10-21T17:55:19 EDT" name="Default suite" finished-at="2023-10-21T17:55:25 EDT" duration-ms="5936">
    <groups>
    </groups>
    <test started-at="2023-10-21T17:55:19 EDT" name="Default test" finished-at="2023-10-21T17:55:25 EDT" duration-ms="5936">
      <class name="api.test.UserTests">
        <test-method is-config="true" signature="setupData()[pri:0, instance:api.test.UserTests@413d1baf]" started-at="2023-10-21T17:55:19 EDT" name="setupData" finished-at="2023-10-21T17:55:20 EDT" duration-ms="504" status="PASS">
          <reporter-output>
          </reporter-output>
        </test-method> <!-- setupData -->
        <test-method signature="testPostUser()[pri:1, instance:api.test.UserTests@413d1baf]" started-at="2023-10-21T17:55:20 EDT" name="testPostUser" finished-at="2023-10-21T17:55:24 EDT" duration-ms="4121" status="PASS">
          <reporter-output>
          </reporter-output>
        </test-method> <!-- testPostUser -->
        <test-method signature="testGetUserbyName()[pri:2, instance:api.test.UserTests@413d1baf]" started-at="2023-10-21T17:55:24 EDT" name="testGetUserbyName" finished-at="2023-10-21T17:55:24 EDT" duration-ms="337" status="PASS">
          <reporter-output>
          </reporter-output>
        </test-method> <!-- testGetUserbyName -->
        <test-method signature="testUpdateUserbyName()[pri:3, instance:api.test.UserTests@413d1baf]" started-at="2023-10-21T17:55:24 EDT" name="testUpdateUserbyName" finished-at="2023-10-21T17:55:25 EDT" duration-ms="583" status="PASS">
          <reporter-output>
          </reporter-output>
        </test-method> <!-- testUpdateUserbyName -->
        <test-method signature="testDeleteUserByName()[pri:4, instance:api.test.UserTests@413d1baf]" started-at="2023-10-21T17:55:25 EDT" name="testDeleteUserByName" finished-at="2023-10-21T17:55:25 EDT" duration-ms="273" status="PASS">
          <reporter-output>
          </reporter-output>
        </test-method> <!-- testDeleteUserByName -->
      </class> <!-- api.test.UserTests -->
    </test> <!-- Default test -->
  </suite> <!-- Default suite -->
</testng-results>
